{"E:\\Sites\\RepoSwipe\\server\\config\\database.js": {"path":"E:\\Sites\\RepoSwipe\\server\\config\\database.js","statementMap":{"0":{"start":{"line":1,"column":17},"end":{"line":1,"column":36}},"1":{"start":{"line":2,"column":15},"end":{"line":2,"column":34}},"2":{"start":{"line":4,"column":18},"end":{"line":16,"column":1}},"3":{"start":{"line":5,"column":4},"end":{"line":15,"column":5}},"4":{"start":{"line":6,"column":21},"end":{"line":9,"column":10}},"5":{"start":{"line":11,"column":8},"end":{"line":11,"column":67}},"6":{"start":{"line":13,"column":8},"end":{"line":13,"column":59}},"7":{"start":{"line":14,"column":8},"end":{"line":14,"column":24}},"8":{"start":{"line":18,"column":0},"end":{"line":18,"column":27}}},"fnMap":{"0":{"name":"(anonymous_0)","decl":{"start":{"line":4,"column":18},"end":{"line":4,"column":19}},"loc":{"start":{"line":4,"column":30},"end":{"line":16,"column":1}},"line":4}},"branchMap":{},"s":{"0":0,"1":0,"2":0,"3":0,"4":0,"5":0,"6":0,"7":0,"8":0},"f":{"0":0},"b":{}}
,"E:\\Sites\\RepoSwipe\\server\\config\\logger.js": {"path":"E:\\Sites\\RepoSwipe\\server\\config\\logger.js","statementMap":{"0":{"start":{"line":1,"column":16},"end":{"line":1,"column":34}},"1":{"start":{"line":2,"column":13},"end":{"line":2,"column":28}},"2":{"start":{"line":5,"column":11},"end":{"line":5,"column":24}},"3":{"start":{"line":6,"column":16},"end":{"line":6,"column":50}},"4":{"start":{"line":7,"column":0},"end":{"line":9,"column":1}},"5":{"start":{"line":8,"column":4},"end":{"line":8,"column":26}},"6":{"start":{"line":11,"column":15},"end":{"line":31,"column":2}},"7":{"start":{"line":34,"column":0},"end":{"line":44,"column":1}},"8":{"start":{"line":35,"column":4},"end":{"line":43,"column":8}},"9":{"start":{"line":40,"column":16},"end":{"line":40,"column":59}},"10":{"start":{"line":46,"column":0},"end":{"line":46,"column":24}}},"fnMap":{"0":{"name":"(anonymous_0)","decl":{"start":{"line":39,"column":34},"end":{"line":39,"column":35}},"loc":{"start":{"line":39,"column":69},"end":{"line":41,"column":13}},"line":39}},"branchMap":{"0":{"loc":{"start":{"line":7,"column":0},"end":{"line":9,"column":1}},"type":"if","locations":[{"start":{"line":7,"column":0},"end":{"line":9,"column":1}},{"start":{},"end":{}}],"line":7},"1":{"loc":{"start":{"line":12,"column":11},"end":{"line":12,"column":67}},"type":"cond-expr","locations":[{"start":{"line":12,"column":51},"end":{"line":12,"column":57}},{"start":{"line":12,"column":60},"end":{"line":12,"column":67}}],"line":12},"2":{"loc":{"start":{"line":34,"column":0},"end":{"line":44,"column":1}},"type":"if","locations":[{"start":{"line":34,"column":0},"end":{"line":44,"column":1}},{"start":{},"end":{}}],"line":34}},"s":{"0":0,"1":0,"2":0,"3":0,"4":0,"5":0,"6":0,"7":0,"8":0,"9":0,"10":0},"f":{"0":0},"b":{"0":[0,0],"1":[0,0],"2":[0,0]}}
,"E:\\Sites\\RepoSwipe\\server\\config\\redis.js": {"path":"E:\\Sites\\RepoSwipe\\server\\config\\redis.js","statementMap":{"0":{"start":{"line":1,"column":14},"end":{"line":1,"column":30}},"1":{"start":{"line":2,"column":15},"end":{"line":2,"column":34}},"2":{"start":{"line":6,"column":21},"end":{"line":31,"column":1}},"3":{"start":{"line":7,"column":4},"end":{"line":30,"column":5}},"4":{"start":{"line":8,"column":8},"end":{"line":14,"column":11}},"5":{"start":{"line":16,"column":8},"end":{"line":18,"column":11}},"6":{"start":{"line":17,"column":12},"end":{"line":17,"column":59}},"7":{"start":{"line":20,"column":8},"end":{"line":22,"column":11}},"8":{"start":{"line":21,"column":12},"end":{"line":21,"column":44}},"9":{"start":{"line":24,"column":8},"end":{"line":24,"column":36}},"10":{"start":{"line":25,"column":8},"end":{"line":25,"column":27}},"11":{"start":{"line":27,"column":8},"end":{"line":27,"column":79}},"12":{"start":{"line":28,"column":8},"end":{"line":28,"column":86}},"13":{"start":{"line":29,"column":8},"end":{"line":29,"column":20}},"14":{"start":{"line":33,"column":0},"end":{"line":33,"column":69}},"15":{"start":{"line":33,"column":55},"end":{"line":33,"column":66}}},"fnMap":{"0":{"name":"(anonymous_0)","decl":{"start":{"line":6,"column":21},"end":{"line":6,"column":22}},"loc":{"start":{"line":6,"column":33},"end":{"line":31,"column":1}},"line":6},"1":{"name":"(anonymous_1)","decl":{"start":{"line":16,"column":32},"end":{"line":16,"column":33}},"loc":{"start":{"line":16,"column":41},"end":{"line":18,"column":9}},"line":16},"2":{"name":"(anonymous_2)","decl":{"start":{"line":20,"column":34},"end":{"line":20,"column":35}},"loc":{"start":{"line":20,"column":40},"end":{"line":22,"column":9}},"line":20},"3":{"name":"(anonymous_3)","decl":{"start":{"line":33,"column":49},"end":{"line":33,"column":50}},"loc":{"start":{"line":33,"column":55},"end":{"line":33,"column":66}},"line":33}},"branchMap":{"0":{"loc":{"start":{"line":10,"column":22},"end":{"line":10,"column":59}},"type":"binary-expr","locations":[{"start":{"line":10,"column":22},"end":{"line":10,"column":44}},{"start":{"line":10,"column":48},"end":{"line":10,"column":59}}],"line":10},"1":{"loc":{"start":{"line":11,"column":22},"end":{"line":11,"column":52}},"type":"binary-expr","locations":[{"start":{"line":11,"column":22},"end":{"line":11,"column":44}},{"start":{"line":11,"column":48},"end":{"line":11,"column":52}}],"line":11},"2":{"loc":{"start":{"line":13,"column":22},"end":{"line":13,"column":61}},"type":"binary-expr","locations":[{"start":{"line":13,"column":22},"end":{"line":13,"column":48}},{"start":{"line":13,"column":52},"end":{"line":13,"column":61}}],"line":13}},"s":{"0":0,"1":0,"2":0,"3":0,"4":0,"5":0,"6":0,"7":0,"8":0,"9":0,"10":0,"11":0,"12":0,"13":0,"14":0,"15":0},"f":{"0":0,"1":0,"2":0,"3":0},"b":{"0":[0,0],"1":[0,0],"2":[0,0]}}
,"E:\\Sites\\RepoSwipe\\server\\config\\supabase.js": {"path":"E:\\Sites\\RepoSwipe\\server\\config\\supabase.js","statementMap":{"0":{"start":{"line":1,"column":25},"end":{"line":1,"column":57}},"1":{"start":{"line":2,"column":15},"end":{"line":2,"column":34}},"2":{"start":{"line":4,"column":15},"end":{"line":4,"column":19}},"3":{"start":{"line":6,"column":24},"end":{"line":23,"column":1}},"4":{"start":{"line":7,"column":4},"end":{"line":22,"column":5}},"5":{"start":{"line":8,"column":28},"end":{"line":8,"column":52}},"6":{"start":{"line":9,"column":28},"end":{"line":9,"column":65}},"7":{"start":{"line":11,"column":8},"end":{"line":13,"column":9}},"8":{"start":{"line":12,"column":12},"end":{"line":12,"column":92}},"9":{"start":{"line":15,"column":8},"end":{"line":15,"column":58}},"10":{"start":{"line":16,"column":8},"end":{"line":16,"column":43}},"11":{"start":{"line":18,"column":8},"end":{"line":18,"column":24}},"12":{"start":{"line":20,"column":8},"end":{"line":20,"column":60}},"13":{"start":{"line":21,"column":8},"end":{"line":21,"column":24}},"14":{"start":{"line":25,"column":20},"end":{"line":30,"column":1}},"15":{"start":{"line":26,"column":4},"end":{"line":28,"column":5}},"16":{"start":{"line":27,"column":8},"end":{"line":27,"column":51}},"17":{"start":{"line":29,"column":4},"end":{"line":29,"column":20}},"18":{"start":{"line":32,"column":0},"end":{"line":32,"column":50}}},"fnMap":{"0":{"name":"(anonymous_0)","decl":{"start":{"line":6,"column":24},"end":{"line":6,"column":25}},"loc":{"start":{"line":6,"column":30},"end":{"line":23,"column":1}},"line":6},"1":{"name":"(anonymous_1)","decl":{"start":{"line":25,"column":20},"end":{"line":25,"column":21}},"loc":{"start":{"line":25,"column":26},"end":{"line":30,"column":1}},"line":25}},"branchMap":{"0":{"loc":{"start":{"line":11,"column":8},"end":{"line":13,"column":9}},"type":"if","locations":[{"start":{"line":11,"column":8},"end":{"line":13,"column":9}},{"start":{},"end":{}}],"line":11},"1":{"loc":{"start":{"line":11,"column":12},"end":{"line":11,"column":40}},"type":"binary-expr","locations":[{"start":{"line":11,"column":12},"end":{"line":11,"column":24}},{"start":{"line":11,"column":28},"end":{"line":11,"column":40}}],"line":11},"2":{"loc":{"start":{"line":26,"column":4},"end":{"line":28,"column":5}},"type":"if","locations":[{"start":{"line":26,"column":4},"end":{"line":28,"column":5}},{"start":{},"end":{}}],"line":26}},"s":{"0":0,"1":0,"2":0,"3":0,"4":0,"5":0,"6":0,"7":0,"8":0,"9":0,"10":0,"11":0,"12":0,"13":0,"14":0,"15":0,"16":0,"17":0,"18":0},"f":{"0":0,"1":0},"b":{"0":[0,0],"1":[0,0],"2":[0,0]}}
,"E:\\Sites\\RepoSwipe\\server\\middleware\\rateLimiter.js": {"path":"E:\\Sites\\RepoSwipe\\server\\middleware\\rateLimiter.js","statementMap":{"0":{"start":{"line":1,"column":18},"end":{"line":1,"column":47}},"1":{"start":{"line":2,"column":15},"end":{"line":2,"column":42}},"2":{"start":{"line":5,"column":21},"end":{"line":25,"column":2}},"3":{"start":{"line":15,"column":8},"end":{"line":15,"column":97}},"4":{"start":{"line":16,"column":8},"end":{"line":19,"column":11}},"5":{"start":{"line":23,"column":8},"end":{"line":23,"column":99}},"6":{"start":{"line":28,"column":20},"end":{"line":42,"column":2}},"7":{"start":{"line":37,"column":8},"end":{"line":37,"column":65}},"8":{"start":{"line":38,"column":8},"end":{"line":40,"column":11}},"9":{"start":{"line":44,"column":0},"end":{"line":44,"column":47}}},"fnMap":{"0":{"name":"(anonymous_0)","decl":{"start":{"line":14,"column":13},"end":{"line":14,"column":14}},"loc":{"start":{"line":14,"column":27},"end":{"line":20,"column":5}},"line":14},"1":{"name":"(anonymous_1)","decl":{"start":{"line":21,"column":10},"end":{"line":21,"column":11}},"loc":{"start":{"line":21,"column":19},"end":{"line":24,"column":5}},"line":21},"2":{"name":"(anonymous_2)","decl":{"start":{"line":36,"column":13},"end":{"line":36,"column":14}},"loc":{"start":{"line":36,"column":27},"end":{"line":41,"column":5}},"line":36}},"branchMap":{"0":{"loc":{"start":{"line":15,"column":61},"end":{"line":15,"column":93}},"type":"binary-expr","locations":[{"start":{"line":15,"column":61},"end":{"line":15,"column":80}},{"start":{"line":15,"column":84},"end":{"line":15,"column":93}}],"line":15},"1":{"loc":{"start":{"line":23,"column":15},"end":{"line":23,"column":98}},"type":"binary-expr","locations":[{"start":{"line":23,"column":15},"end":{"line":23,"column":53}},{"start":{"line":23,"column":57},"end":{"line":23,"column":98}}],"line":23}},"s":{"0":0,"1":0,"2":0,"3":0,"4":0,"5":0,"6":0,"7":0,"8":0,"9":0},"f":{"0":0,"1":0,"2":0},"b":{"0":[0,0],"1":[0,0]}}
,"E:\\Sites\\RepoSwipe\\server\\models\\Swipe.js": {"path":"E:\\Sites\\RepoSwipe\\server\\models\\Swipe.js","statementMap":{"0":{"start":{"line":1,"column":17},"end":{"line":1,"column":36}},"1":{"start":{"line":3,"column":20},"end":{"line":31,"column":2}},"2":{"start":{"line":34,"column":0},"end":{"line":34,"column":62}},"3":{"start":{"line":36,"column":0},"end":{"line":36,"column":54}}},"fnMap":{},"branchMap":{},"s":{"0":0,"1":0,"2":0,"3":0},"f":{},"b":{}}
,"E:\\Sites\\RepoSwipe\\server\\models\\User.js": {"path":"E:\\Sites\\RepoSwipe\\server\\models\\User.js","statementMap":{"0":{"start":{"line":1,"column":17},"end":{"line":1,"column":36}},"1":{"start":{"line":3,"column":19},"end":{"line":30,"column":2}},"2":{"start":{"line":32,"column":0},"end":{"line":32,"column":52}}},"fnMap":{},"branchMap":{},"s":{"0":0,"1":0,"2":0},"f":{},"b":{}}
,"E:\\Sites\\RepoSwipe\\server\\routes\\auth.js": {"path":"E:\\Sites\\RepoSwipe\\server\\routes\\auth.js","statementMap":{"0":{"start":{"line":1,"column":16},"end":{"line":1,"column":34}},"1":{"start":{"line":2,"column":15},"end":{"line":2,"column":34}},"2":{"start":{"line":3,"column":15},"end":{"line":3,"column":31}},"3":{"start":{"line":4,"column":24},"end":{"line":4,"column":53}},"4":{"start":{"line":5,"column":15},"end":{"line":5,"column":42}},"5":{"start":{"line":8,"column":0},"end":{"line":75,"column":3}},"6":{"start":{"line":9,"column":4},"end":{"line":74,"column":5}},"7":{"start":{"line":10,"column":46},"end":{"line":10,"column":54}},"8":{"start":{"line":11,"column":25},"end":{"line":11,"column":38}},"9":{"start":{"line":13,"column":8},"end":{"line":13,"column":57}},"10":{"start":{"line":16,"column":8},"end":{"line":18,"column":9}},"11":{"start":{"line":17,"column":12},"end":{"line":17,"column":82}},"12":{"start":{"line":20,"column":8},"end":{"line":22,"column":9}},"13":{"start":{"line":21,"column":12},"end":{"line":21,"column":106}},"14":{"start":{"line":25,"column":39},"end":{"line":29,"column":21}},"15":{"start":{"line":31,"column":8},"end":{"line":34,"column":9}},"16":{"start":{"line":32,"column":12},"end":{"line":32,"column":90}},"17":{"start":{"line":33,"column":12},"end":{"line":33,"column":95}},"18":{"start":{"line":37,"column":31},"end":{"line":37,"column":62}},"19":{"start":{"line":40,"column":38},"end":{"line":52,"column":21}},"20":{"start":{"line":54,"column":8},"end":{"line":54,"column":31}},"21":{"start":{"line":54,"column":19},"end":{"line":54,"column":31}},"22":{"start":{"line":57,"column":8},"end":{"line":57,"column":37}},"23":{"start":{"line":58,"column":8},"end":{"line":58,"column":39}},"24":{"start":{"line":59,"column":8},"end":{"line":59,"column":45}},"25":{"start":{"line":61,"column":8},"end":{"line":61,"column":55}},"26":{"start":{"line":63,"column":8},"end":{"line":70,"column":11}},"27":{"start":{"line":72,"column":8},"end":{"line":72,"column":71}},"28":{"start":{"line":73,"column":8},"end":{"line":73,"column":73}},"29":{"start":{"line":78,"column":0},"end":{"line":134,"column":3}},"30":{"start":{"line":79,"column":4},"end":{"line":133,"column":5}},"31":{"start":{"line":80,"column":36},"end":{"line":80,"column":44}},"32":{"start":{"line":81,"column":25},"end":{"line":81,"column":38}},"33":{"start":{"line":83,"column":8},"end":{"line":83,"column":56}},"34":{"start":{"line":86,"column":8},"end":{"line":88,"column":9}},"35":{"start":{"line":87,"column":12},"end":{"line":87,"column":83}},"36":{"start":{"line":91,"column":38},"end":{"line":95,"column":21}},"37":{"start":{"line":97,"column":8},"end":{"line":100,"column":9}},"38":{"start":{"line":98,"column":12},"end":{"line":98,"column":80}},"39":{"start":{"line":99,"column":12},"end":{"line":99,"column":86}},"40":{"start":{"line":103,"column":30},"end":{"line":103,"column":75}},"41":{"start":{"line":104,"column":8},"end":{"line":107,"column":9}},"42":{"start":{"line":105,"column":12},"end":{"line":105,"column":80}},"43":{"start":{"line":106,"column":12},"end":{"line":106,"column":86}},"44":{"start":{"line":110,"column":8},"end":{"line":113,"column":31}},"45":{"start":{"line":116,"column":8},"end":{"line":116,"column":37}},"46":{"start":{"line":117,"column":8},"end":{"line":117,"column":39}},"47":{"start":{"line":118,"column":8},"end":{"line":118,"column":45}},"48":{"start":{"line":120,"column":8},"end":{"line":120,"column":53}},"49":{"start":{"line":122,"column":8},"end":{"line":129,"column":11}},"50":{"start":{"line":131,"column":8},"end":{"line":131,"column":70}},"51":{"start":{"line":132,"column":8},"end":{"line":132,"column":71}},"52":{"start":{"line":137,"column":0},"end":{"line":147,"column":3}},"53":{"start":{"line":138,"column":18},"end":{"line":138,"column":35}},"54":{"start":{"line":139,"column":4},"end":{"line":146,"column":7}},"55":{"start":{"line":140,"column":8},"end":{"line":143,"column":9}},"56":{"start":{"line":141,"column":12},"end":{"line":141,"column":74}},"57":{"start":{"line":142,"column":12},"end":{"line":142,"column":84}},"58":{"start":{"line":144,"column":8},"end":{"line":144,"column":45}},"59":{"start":{"line":145,"column":8},"end":{"line":145,"column":36}},"60":{"start":{"line":150,"column":0},"end":{"line":179,"column":3}},"61":{"start":{"line":151,"column":4},"end":{"line":178,"column":5}},"62":{"start":{"line":152,"column":8},"end":{"line":174,"column":9}},"63":{"start":{"line":153,"column":29},"end":{"line":153,"column":42}},"64":{"start":{"line":154,"column":35},"end":{"line":158,"column":25}},"65":{"start":{"line":160,"column":12},"end":{"line":171,"column":13}},"66":{"start":{"line":161,"column":16},"end":{"line":168,"column":19}},"67":{"start":{"line":170,"column":16},"end":{"line":170,"column":51}},"68":{"start":{"line":173,"column":12},"end":{"line":173,"column":47}},"69":{"start":{"line":176,"column":8},"end":{"line":176,"column":84}},"70":{"start":{"line":177,"column":8},"end":{"line":177,"column":43}},"71":{"start":{"line":181,"column":0},"end":{"line":181,"column":24}}},"fnMap":{"0":{"name":"(anonymous_0)","decl":{"start":{"line":8,"column":25},"end":{"line":8,"column":26}},"loc":{"start":{"line":8,"column":45},"end":{"line":75,"column":1}},"line":8},"1":{"name":"(anonymous_1)","decl":{"start":{"line":78,"column":22},"end":{"line":78,"column":23}},"loc":{"start":{"line":78,"column":42},"end":{"line":134,"column":1}},"line":78},"2":{"name":"(anonymous_2)","decl":{"start":{"line":137,"column":23},"end":{"line":137,"column":24}},"loc":{"start":{"line":137,"column":37},"end":{"line":147,"column":1}},"line":137},"3":{"name":"(anonymous_3)","decl":{"start":{"line":139,"column":24},"end":{"line":139,"column":25}},"loc":{"start":{"line":139,"column":33},"end":{"line":146,"column":5}},"line":139},"4":{"name":"(anonymous_4)","decl":{"start":{"line":150,"column":21},"end":{"line":150,"column":22}},"loc":{"start":{"line":150,"column":41},"end":{"line":179,"column":1}},"line":150}},"branchMap":{"0":{"loc":{"start":{"line":16,"column":8},"end":{"line":18,"column":9}},"type":"if","locations":[{"start":{"line":16,"column":8},"end":{"line":18,"column":9}},{"start":{},"end":{}}],"line":16},"1":{"loc":{"start":{"line":16,"column":12},"end":{"line":16,"column":44}},"type":"binary-expr","locations":[{"start":{"line":16,"column":12},"end":{"line":16,"column":18}},{"start":{"line":16,"column":22},"end":{"line":16,"column":31}},{"start":{"line":16,"column":35},"end":{"line":16,"column":44}}],"line":16},"2":{"loc":{"start":{"line":20,"column":8},"end":{"line":22,"column":9}},"type":"if","locations":[{"start":{"line":20,"column":8},"end":{"line":22,"column":9}},{"start":{},"end":{}}],"line":20},"3":{"loc":{"start":{"line":31,"column":8},"end":{"line":34,"column":9}},"type":"if","locations":[{"start":{"line":31,"column":8},"end":{"line":34,"column":9}},{"start":{},"end":{}}],"line":31},"4":{"loc":{"start":{"line":54,"column":8},"end":{"line":54,"column":31}},"type":"if","locations":[{"start":{"line":54,"column":8},"end":{"line":54,"column":31}},{"start":{},"end":{}}],"line":54},"5":{"loc":{"start":{"line":86,"column":8},"end":{"line":88,"column":9}},"type":"if","locations":[{"start":{"line":86,"column":8},"end":{"line":88,"column":9}},{"start":{},"end":{}}],"line":86},"6":{"loc":{"start":{"line":86,"column":12},"end":{"line":86,"column":31}},"type":"binary-expr","locations":[{"start":{"line":86,"column":12},"end":{"line":86,"column":18}},{"start":{"line":86,"column":22},"end":{"line":86,"column":31}}],"line":86},"7":{"loc":{"start":{"line":97,"column":8},"end":{"line":100,"column":9}},"type":"if","locations":[{"start":{"line":97,"column":8},"end":{"line":100,"column":9}},{"start":{},"end":{}}],"line":97},"8":{"loc":{"start":{"line":97,"column":12},"end":{"line":97,"column":26}},"type":"binary-expr","locations":[{"start":{"line":97,"column":12},"end":{"line":97,"column":17}},{"start":{"line":97,"column":21},"end":{"line":97,"column":26}}],"line":97},"9":{"loc":{"start":{"line":104,"column":8},"end":{"line":107,"column":9}},"type":"if","locations":[{"start":{"line":104,"column":8},"end":{"line":107,"column":9}},{"start":{},"end":{}}],"line":104},"10":{"loc":{"start":{"line":140,"column":8},"end":{"line":143,"column":9}},"type":"if","locations":[{"start":{"line":140,"column":8},"end":{"line":143,"column":9}},{"start":{},"end":{}}],"line":140},"11":{"loc":{"start":{"line":152,"column":8},"end":{"line":174,"column":9}},"type":"if","locations":[{"start":{"line":152,"column":8},"end":{"line":174,"column":9}},{"start":{"line":172,"column":15},"end":{"line":174,"column":9}}],"line":152},"12":{"loc":{"start":{"line":160,"column":12},"end":{"line":171,"column":13}},"type":"if","locations":[{"start":{"line":160,"column":12},"end":{"line":171,"column":13}},{"start":{"line":169,"column":19},"end":{"line":171,"column":13}}],"line":160}},"s":{"0":0,"1":0,"2":0,"3":0,"4":0,"5":0,"6":0,"7":0,"8":0,"9":0,"10":0,"11":0,"12":0,"13":0,"14":0,"15":0,"16":0,"17":0,"18":0,"19":0,"20":0,"21":0,"22":0,"23":0,"24":0,"25":0,"26":0,"27":0,"28":0,"29":0,"30":0,"31":0,"32":0,"33":0,"34":0,"35":0,"36":0,"37":0,"38":0,"39":0,"40":0,"41":0,"42":0,"43":0,"44":0,"45":0,"46":0,"47":0,"48":0,"49":0,"50":0,"51":0,"52":0,"53":0,"54":0,"55":0,"56":0,"57":0,"58":0,"59":0,"60":0,"61":0,"62":0,"63":0,"64":0,"65":0,"66":0,"67":0,"68":0,"69":0,"70":0,"71":0},"f":{"0":0,"1":0,"2":0,"3":0,"4":0},"b":{"0":[0,0],"1":[0,0,0],"2":[0,0],"3":[0,0],"4":[0,0],"5":[0,0],"6":[0,0],"7":[0,0],"8":[0,0],"9":[0,0],"10":[0,0],"11":[0,0],"12":[0,0]}}
,"E:\\Sites\\RepoSwipe\\server\\routes\\github.js": {"path":"E:\\Sites\\RepoSwipe\\server\\routes\\github.js","statementMap":{"0":{"start":{"line":1,"column":16},"end":{"line":1,"column":34}},"1":{"start":{"line":2,"column":15},"end":{"line":2,"column":31}},"2":{"start":{"line":3,"column":15},"end":{"line":3,"column":42}},"3":{"start":{"line":6,"column":20},"end":{"line":11,"column":1}},"4":{"start":{"line":7,"column":4},"end":{"line":9,"column":5}},"5":{"start":{"line":8,"column":8},"end":{"line":8,"column":66}},"6":{"start":{"line":10,"column":4},"end":{"line":10,"column":11}},"7":{"start":{"line":14,"column":0},"end":{"line":80,"column":3}},"8":{"start":{"line":15,"column":4},"end":{"line":79,"column":5}},"9":{"start":{"line":16,"column":51},"end":{"line":16,"column":60}},"10":{"start":{"line":19,"column":23},"end":{"line":25,"column":10}},"11":{"start":{"line":27,"column":20},"end":{"line":27,"column":74}},"12":{"start":{"line":30,"column":24},"end":{"line":33,"column":9}},"13":{"start":{"line":36,"column":8},"end":{"line":38,"column":9}},"14":{"start":{"line":37,"column":12},"end":{"line":37,"column":76}},"15":{"start":{"line":40,"column":25},"end":{"line":40,"column":54}},"16":{"start":{"line":43,"column":32},"end":{"line":43,"column":77}},"17":{"start":{"line":44,"column":28},"end":{"line":44,"column":69}},"18":{"start":{"line":45,"column":22},"end":{"line":45,"column":63}},"19":{"start":{"line":50,"column":8},"end":{"line":62,"column":9}},"20":{"start":{"line":51,"column":12},"end":{"line":60,"column":13}},"21":{"start":{"line":52,"column":34},"end":{"line":52,"column":56}},"22":{"start":{"line":53,"column":16},"end":{"line":53,"column":107}},"23":{"start":{"line":54,"column":16},"end":{"line":59,"column":19}},"24":{"start":{"line":61,"column":12},"end":{"line":61,"column":68}},"25":{"start":{"line":64,"column":21},"end":{"line":64,"column":42}},"26":{"start":{"line":67,"column":8},"end":{"line":74,"column":11}},"27":{"start":{"line":77,"column":8},"end":{"line":77,"column":62}},"28":{"start":{"line":78,"column":8},"end":{"line":78,"column":84}},"29":{"start":{"line":83,"column":0},"end":{"line":113,"column":3}},"30":{"start":{"line":84,"column":4},"end":{"line":112,"column":5}},"31":{"start":{"line":85,"column":24},"end":{"line":88,"column":9}},"32":{"start":{"line":90,"column":8},"end":{"line":92,"column":9}},"33":{"start":{"line":91,"column":12},"end":{"line":91,"column":76}},"34":{"start":{"line":94,"column":25},"end":{"line":94,"column":86}},"35":{"start":{"line":95,"column":21},"end":{"line":95,"column":42}},"36":{"start":{"line":97,"column":8},"end":{"line":97,"column":83}},"37":{"start":{"line":99,"column":8},"end":{"line":107,"column":11}},"38":{"start":{"line":110,"column":8},"end":{"line":110,"column":73}},"39":{"start":{"line":111,"column":8},"end":{"line":111,"column":74}},"40":{"start":{"line":115,"column":0},"end":{"line":115,"column":24}}},"fnMap":{"0":{"name":"(anonymous_0)","decl":{"start":{"line":6,"column":20},"end":{"line":6,"column":21}},"loc":{"start":{"line":6,"column":40},"end":{"line":11,"column":1}},"line":6},"1":{"name":"(anonymous_1)","decl":{"start":{"line":14,"column":48},"end":{"line":14,"column":49}},"loc":{"start":{"line":14,"column":68},"end":{"line":80,"column":1}},"line":14},"2":{"name":"(anonymous_2)","decl":{"start":{"line":83,"column":39},"end":{"line":83,"column":40}},"loc":{"start":{"line":83,"column":59},"end":{"line":113,"column":1}},"line":83}},"branchMap":{"0":{"loc":{"start":{"line":7,"column":4},"end":{"line":9,"column":5}},"type":"if","locations":[{"start":{"line":7,"column":4},"end":{"line":9,"column":5}},{"start":{},"end":{}}],"line":7},"1":{"loc":{"start":{"line":20,"column":15},"end":{"line":20,"column":32}},"type":"binary-expr","locations":[{"start":{"line":20,"column":15},"end":{"line":20,"column":16}},{"start":{"line":20,"column":20},"end":{"line":20,"column":32}}],"line":20},"2":{"loc":{"start":{"line":21,"column":18},"end":{"line":21,"column":33}},"type":"binary-expr","locations":[{"start":{"line":21,"column":18},"end":{"line":21,"column":22}},{"start":{"line":21,"column":26},"end":{"line":21,"column":33}}],"line":21},"3":{"loc":{"start":{"line":22,"column":19},"end":{"line":22,"column":34}},"type":"binary-expr","locations":[{"start":{"line":22,"column":19},"end":{"line":22,"column":24}},{"start":{"line":22,"column":28},"end":{"line":22,"column":34}}],"line":22},"4":{"loc":{"start":{"line":23,"column":22},"end":{"line":23,"column":38}},"type":"binary-expr","locations":[{"start":{"line":23,"column":22},"end":{"line":23,"column":30}},{"start":{"line":23,"column":34},"end":{"line":23,"column":38}}],"line":23},"5":{"loc":{"start":{"line":24,"column":18},"end":{"line":24,"column":29}},"type":"binary-expr","locations":[{"start":{"line":24,"column":18},"end":{"line":24,"column":22}},{"start":{"line":24,"column":26},"end":{"line":24,"column":29}}],"line":24},"6":{"loc":{"start":{"line":36,"column":8},"end":{"line":38,"column":9}},"type":"if","locations":[{"start":{"line":36,"column":8},"end":{"line":38,"column":9}},{"start":{},"end":{}}],"line":36},"7":{"loc":{"start":{"line":50,"column":8},"end":{"line":62,"column":9}},"type":"if","locations":[{"start":{"line":50,"column":8},"end":{"line":62,"column":9}},{"start":{},"end":{}}],"line":50},"8":{"loc":{"start":{"line":51,"column":12},"end":{"line":60,"column":13}},"type":"if","locations":[{"start":{"line":51,"column":12},"end":{"line":60,"column":13}},{"start":{},"end":{}}],"line":51},"9":{"loc":{"start":{"line":90,"column":8},"end":{"line":92,"column":9}},"type":"if","locations":[{"start":{"line":90,"column":8},"end":{"line":92,"column":9}},{"start":{},"end":{}}],"line":90}},"s":{"0":0,"1":0,"2":0,"3":0,"4":0,"5":0,"6":0,"7":0,"8":0,"9":0,"10":0,"11":0,"12":0,"13":0,"14":0,"15":0,"16":0,"17":0,"18":0,"19":0,"20":0,"21":0,"22":0,"23":0,"24":0,"25":0,"26":0,"27":0,"28":0,"29":0,"30":0,"31":0,"32":0,"33":0,"34":0,"35":0,"36":0,"37":0,"38":0,"39":0,"40":0},"f":{"0":0,"1":0,"2":0},"b":{"0":[0,0],"1":[0,0],"2":[0,0],"3":[0,0],"4":[0,0],"5":[0,0],"6":[0,0],"7":[0,0],"8":[0,0],"9":[0,0]}}
,"E:\\Sites\\RepoSwipe\\server\\routes\\swipes.js": {"path":"E:\\Sites\\RepoSwipe\\server\\routes\\swipes.js","statementMap":{"0":{"start":{"line":1,"column":16},"end":{"line":1,"column":34}},"1":{"start":{"line":2,"column":15},"end":{"line":2,"column":31}},"2":{"start":{"line":3,"column":24},"end":{"line":3,"column":53}},"3":{"start":{"line":4,"column":15},"end":{"line":4,"column":42}},"4":{"start":{"line":7,"column":20},"end":{"line":13,"column":1}},"5":{"start":{"line":8,"column":4},"end":{"line":11,"column":5}},"6":{"start":{"line":9,"column":8},"end":{"line":9,"column":69}},"7":{"start":{"line":10,"column":8},"end":{"line":10,"column":66}},"8":{"start":{"line":12,"column":4},"end":{"line":12,"column":11}},"9":{"start":{"line":16,"column":0},"end":{"line":61,"column":3}},"10":{"start":{"line":17,"column":4},"end":{"line":60,"column":5}},"11":{"start":{"line":18,"column":45},"end":{"line":18,"column":53}},"12":{"start":{"line":19,"column":23},"end":{"line":19,"column":41}},"13":{"start":{"line":20,"column":25},"end":{"line":20,"column":38}},"14":{"start":{"line":23,"column":40},"end":{"line":28,"column":21}},"15":{"start":{"line":30,"column":8},"end":{"line":54,"column":9}},"16":{"start":{"line":32,"column":12},"end":{"line":39,"column":44}},"17":{"start":{"line":41,"column":12},"end":{"line":41,"column":89}},"18":{"start":{"line":44,"column":12},"end":{"line":51,"column":20}},"19":{"start":{"line":53,"column":12},"end":{"line":53,"column":86}},"20":{"start":{"line":56,"column":8},"end":{"line":56,"column":36}},"21":{"start":{"line":58,"column":8},"end":{"line":58,"column":80}},"22":{"start":{"line":59,"column":8},"end":{"line":59,"column":72}},"23":{"start":{"line":64,"column":0},"end":{"line":83,"column":3}},"24":{"start":{"line":65,"column":4},"end":{"line":82,"column":5}},"25":{"start":{"line":66,"column":23},"end":{"line":66,"column":41}},"26":{"start":{"line":67,"column":25},"end":{"line":67,"column":38}},"27":{"start":{"line":69,"column":40},"end":{"line":73,"column":53}},"28":{"start":{"line":75,"column":8},"end":{"line":75,"column":31}},"29":{"start":{"line":75,"column":19},"end":{"line":75,"column":31}},"30":{"start":{"line":77,"column":8},"end":{"line":77,"column":92}},"31":{"start":{"line":78,"column":8},"end":{"line":78,"column":29}},"32":{"start":{"line":80,"column":8},"end":{"line":80,"column":84}},"33":{"start":{"line":81,"column":8},"end":{"line":81,"column":74}},"34":{"start":{"line":86,"column":0},"end":{"line":106,"column":3}},"35":{"start":{"line":87,"column":4},"end":{"line":105,"column":5}},"36":{"start":{"line":88,"column":23},"end":{"line":88,"column":41}},"37":{"start":{"line":89,"column":25},"end":{"line":89,"column":38}},"38":{"start":{"line":91,"column":43},"end":{"line":96,"column":53}},"39":{"start":{"line":98,"column":8},"end":{"line":98,"column":31}},"40":{"start":{"line":98,"column":19},"end":{"line":98,"column":31}},"41":{"start":{"line":100,"column":8},"end":{"line":100,"column":96}},"42":{"start":{"line":101,"column":8},"end":{"line":101,"column":32}},"43":{"start":{"line":103,"column":8},"end":{"line":103,"column":85}},"44":{"start":{"line":104,"column":8},"end":{"line":104,"column":74}},"45":{"start":{"line":109,"column":0},"end":{"line":127,"column":3}},"46":{"start":{"line":110,"column":4},"end":{"line":126,"column":5}},"47":{"start":{"line":111,"column":23},"end":{"line":111,"column":41}},"48":{"start":{"line":112,"column":27},"end":{"line":112,"column":37}},"49":{"start":{"line":113,"column":25},"end":{"line":113,"column":38}},"50":{"start":{"line":115,"column":8},"end":{"line":119,"column":35}},"51":{"start":{"line":121,"column":8},"end":{"line":121,"column":71}},"52":{"start":{"line":122,"column":8},"end":{"line":122,"column":36}},"53":{"start":{"line":124,"column":8},"end":{"line":124,"column":81}},"54":{"start":{"line":125,"column":8},"end":{"line":125,"column":73}},"55":{"start":{"line":130,"column":0},"end":{"line":155,"column":3}},"56":{"start":{"line":131,"column":4},"end":{"line":154,"column":5}},"57":{"start":{"line":132,"column":23},"end":{"line":132,"column":41}},"58":{"start":{"line":133,"column":25},"end":{"line":133,"column":38}},"59":{"start":{"line":135,"column":40},"end":{"line":138,"column":34}},"60":{"start":{"line":140,"column":8},"end":{"line":140,"column":31}},"61":{"start":{"line":140,"column":19},"end":{"line":140,"column":31}},"62":{"start":{"line":142,"column":31},"end":{"line":147,"column":9}},"63":{"start":{"line":144,"column":38},"end":{"line":144,"column":57}},"64":{"start":{"line":145,"column":40},"end":{"line":145,"column":61}},"65":{"start":{"line":146,"column":39},"end":{"line":146,"column":59}},"66":{"start":{"line":149,"column":8},"end":{"line":149,"column":76}},"67":{"start":{"line":150,"column":8},"end":{"line":150,"column":44}},"68":{"start":{"line":152,"column":8},"end":{"line":152,"column":83}},"69":{"start":{"line":153,"column":8},"end":{"line":153,"column":74}},"70":{"start":{"line":157,"column":0},"end":{"line":157,"column":24}}},"fnMap":{"0":{"name":"(anonymous_0)","decl":{"start":{"line":7,"column":20},"end":{"line":7,"column":21}},"loc":{"start":{"line":7,"column":40},"end":{"line":13,"column":1}},"line":7},"1":{"name":"(anonymous_1)","decl":{"start":{"line":16,"column":30},"end":{"line":16,"column":31}},"loc":{"start":{"line":16,"column":50},"end":{"line":61,"column":1}},"line":16},"2":{"name":"(anonymous_2)","decl":{"start":{"line":64,"column":29},"end":{"line":64,"column":30}},"loc":{"start":{"line":64,"column":49},"end":{"line":83,"column":1}},"line":64},"3":{"name":"(anonymous_3)","decl":{"start":{"line":86,"column":38},"end":{"line":86,"column":39}},"loc":{"start":{"line":86,"column":58},"end":{"line":106,"column":1}},"line":86},"4":{"name":"(anonymous_4)","decl":{"start":{"line":109,"column":39},"end":{"line":109,"column":40}},"loc":{"start":{"line":109,"column":59},"end":{"line":127,"column":1}},"line":109},"5":{"name":"(anonymous_5)","decl":{"start":{"line":130,"column":34},"end":{"line":130,"column":35}},"loc":{"start":{"line":130,"column":54},"end":{"line":155,"column":1}},"line":130},"6":{"name":"(anonymous_6)","decl":{"start":{"line":144,"column":33},"end":{"line":144,"column":34}},"loc":{"start":{"line":144,"column":38},"end":{"line":144,"column":57}},"line":144},"7":{"name":"(anonymous_7)","decl":{"start":{"line":145,"column":35},"end":{"line":145,"column":36}},"loc":{"start":{"line":145,"column":40},"end":{"line":145,"column":61}},"line":145},"8":{"name":"(anonymous_8)","decl":{"start":{"line":146,"column":34},"end":{"line":146,"column":35}},"loc":{"start":{"line":146,"column":39},"end":{"line":146,"column":59}},"line":146}},"branchMap":{"0":{"loc":{"start":{"line":8,"column":4},"end":{"line":11,"column":5}},"type":"if","locations":[{"start":{"line":8,"column":4},"end":{"line":11,"column":5}},{"start":{},"end":{}}],"line":8},"1":{"loc":{"start":{"line":30,"column":8},"end":{"line":54,"column":9}},"type":"if","locations":[{"start":{"line":30,"column":8},"end":{"line":54,"column":9}},{"start":{"line":42,"column":15},"end":{"line":54,"column":9}}],"line":30},"2":{"loc":{"start":{"line":75,"column":8},"end":{"line":75,"column":31}},"type":"if","locations":[{"start":{"line":75,"column":8},"end":{"line":75,"column":31}},{"start":{},"end":{}}],"line":75},"3":{"loc":{"start":{"line":98,"column":8},"end":{"line":98,"column":31}},"type":"if","locations":[{"start":{"line":98,"column":8},"end":{"line":98,"column":31}},{"start":{},"end":{}}],"line":98},"4":{"loc":{"start":{"line":140,"column":8},"end":{"line":140,"column":31}},"type":"if","locations":[{"start":{"line":140,"column":8},"end":{"line":140,"column":31}},{"start":{},"end":{}}],"line":140}},"s":{"0":0,"1":0,"2":0,"3":0,"4":0,"5":0,"6":0,"7":0,"8":0,"9":0,"10":0,"11":0,"12":0,"13":0,"14":0,"15":0,"16":0,"17":0,"18":0,"19":0,"20":0,"21":0,"22":0,"23":0,"24":0,"25":0,"26":0,"27":0,"28":0,"29":0,"30":0,"31":0,"32":0,"33":0,"34":0,"35":0,"36":0,"37":0,"38":0,"39":0,"40":0,"41":0,"42":0,"43":0,"44":0,"45":0,"46":0,"47":0,"48":0,"49":0,"50":0,"51":0,"52":0,"53":0,"54":0,"55":0,"56":0,"57":0,"58":0,"59":0,"60":0,"61":0,"62":0,"63":0,"64":0,"65":0,"66":0,"67":0,"68":0,"69":0,"70":0},"f":{"0":0,"1":0,"2":0,"3":0,"4":0,"5":0,"6":0,"7":0,"8":0},"b":{"0":[0,0],"1":[0,0],"2":[0,0],"3":[0,0],"4":[0,0]}}
}
